2014-08-12 20:36:19,415,root,INFO,success,sent to dest_local,backup_appdb,0.000000,0.020000,4551873,4551873
2014-08-12 20:36:19,416,backup.success,INFO,success,sent to dest_local,backup_appdb,0.000000,0.020000,4551873,4551873
2014-08-12 20:36:22,731,root,INFO,success,sent to dest_sftp_drop,backup_appdb,0.000000,0.500000,4551873,4551873
2014-08-12 20:36:22,732,backup.success,INFO,success,sent to dest_sftp_drop,backup_appdb,0.000000,0.500000,4551873,4551873
2014-08-12 20:36:50,773,root,INFO,success,sent to dest_local,backup_appdb,0.010000,0.010000,4551873,4551873
2014-08-12 20:36:54,157,root,INFO,success,sent to dest_sftp_drop,backup_appdb,0.010000,0.480000,4551873,4551873
2014-08-12 20:41:55,203 - root [WARNING] retry,no_file,backup_appdb,0.010000,0.000000,0,0
2014-08-12 20:41:55,209 - root [WARNING] retry,no_file,backup_appdb,0.000000,0.000000,0,0
2014-08-12 20:41:55,216 - root [ERROR] failed,no_file,backup_appdb,0.000000,0.000000,0,0
2014-08-12 20:43:27,502 - root [INFO] success,sent to dest_local,backup_appdb,0.000000,0.020000,4552212,4552212
2014-08-12 20:43:30,740 - root [INFO] success,sent to dest_sftp_drop,backup_appdb,0.000000,0.470000,4552212,4552212
2014-08-12 20:45:23,770 - root [INFO] success,sent to dest_local,backup_appdb,0.000000,0.010000,4552306,4552306
2014-08-12 20:45:26,568 - root [INFO] success,sent to dest_sftp_drop,backup_appdb,0.000000,0.470000,4552306,4552306
2014-08-12 20:45:28,028 - root [INFO] success,sent to dest_local,backup_teamcitydb,0.000000,0.020000,4552294,4552294
2014-08-12 20:45:31,415 - root [INFO] success,sent to dest_sftp_drop,backup_teamcitydb,0.000000,0.470000,4552294,4552294
2014-08-12 20:47:03,909 - root [INFO] success,sent to dest_local,backup_appdb,0.000000,0.020000,4552294,4552294
2014-08-12 20:47:06,682 - root [INFO] success,sent to dest_sftp_drop,backup_appdb,0.000000,0.470000,4552294,4552294
2014-08-12 20:47:07,980 - root [INFO] success,sent to dest_local,backup_teamcitydb,0.000000,0.010000,4552306,4552306
2014-08-12 20:47:11,412 - root [INFO] success,sent to dest_sftp_drop,backup_teamcitydb,0.000000,0.470000,4552306,4552306
2014-08-12 20:50:08,496 - root [INFO] success,sent to dest_local,backup_appdb,0.000000,0.010000,4552294,4552294
2014-08-12 20:50:11,203 - root [INFO] success,sent to dest_sftp_drop,backup_appdb,0.000000,0.470000,4552294,4552294
2014-08-12 20:50:11,350 - root [INFO] success,sent to dest_local,backup_teamcitydb,0.010000,0.000000,20,20
2014-08-12 20:50:13,159 - root [INFO] success,sent to dest_sftp_drop,backup_teamcitydb,0.010000,0.200000,20,20
2014-08-12 21:07:33,012 - root [INFO] success,sent to dest_local,backup_appdb,0.000000,0.010000,4552290,4552290
2014-08-12 21:07:36,400 - root [INFO] success,sent to dest_sftp_drop,backup_appdb,0.000000,0.470000,4552290,4552290
2014-08-12 21:07:36,952 - root [INFO] success,sent to dest_local,backup_teamcitydb,0.000000,0.010000,348084,348084
2014-08-12 21:07:39,346 - root [INFO] success,sent to dest_sftp_drop,backup_teamcitydb,0.000000,0.220000,348084,348084
2014-08-12 23:28:20,404 - root [INFO] success,sent to dest_local,backup_appdb,0.000000,0.010000,4597127,4597127
2014-08-12 23:28:23,911 - root [INFO] success,sent to dest_sftp_drop,backup_appdb,0.000000,0.460000,4597127,4597127
2014-08-12 23:28:24,483 - root [INFO] success,sent to dest_local,backup_teamcity_db,0.000000,0.000000,331576,331576
2014-08-12 23:28:26,656 - root [INFO] success,sent to dest_sftp_drop,backup_teamcity_db,0.000000,0.220000,331576,331576
2014-08-12 23:31:35,513 - root [INFO] success,sent to dest_local,backup_teamcity_incremental,0.000000,6.620000,1738120709,1738120709
2014-08-12 23:38:04,263 - root [INFO] success,sent to dest_sftp_drop,backup_teamcity_incremental,0.000000,97.500000,1738120709,1738120709
2014-08-12 23:48:59,531 - root [INFO] success: backup_appdb - sent_to_dest_local (0.000000,0.010000,4610447)
2014-08-12 23:49:02,634 - root [INFO] success: backup_appdb - sent_to_dest_sftp_drop (0.000000,0.470000,4610447)
2014-08-12 23:49:03,228 - root [INFO] success: backup_teamcity_db - sent_to_dest_local (0.000000,0.000000,335029)
2014-08-12 23:49:05,462 - root [INFO] success: backup_teamcity_db - sent_to_dest_sftp_drop (0.000000,0.230000,335029)
2014-08-12 23:49:08,535 - root [INFO] success: backup_teamcity_incremental - sent_to_dest_local (0.000000,0.060000,27987361)
2014-08-12 23:49:17,262 - root [INFO] success: backup_teamcity_incremental - sent_to_dest_sftp_drop (0.000000,1.810000,27987361)
2014-08-12 23:51:05,953 - root [INFO] success: backup_appdb - sent_to_dest_local (0.000000,0.010000,4610493)
2014-08-12 23:51:09,469 - root [INFO] success: backup_appdb - sent_to_dest_sftp_drop (0.000000,0.460000,4610493)
2014-08-12 23:51:09,990 - root [INFO] success: backup_teamcity_db - sent_to_dest_local (0.010000,0.000000,335031)
2014-08-12 23:51:12,066 - root [INFO] success: backup_teamcity_db - sent_to_dest_sftp_drop (0.010000,0.220000,335031)
2014-08-12 23:51:12,868 - root [INFO] success: backup_teamcity_incremental - sent_to_dest_local (0.000000,0.000000,76867)
2014-08-12 23:51:14,732 - root [INFO] success: backup_teamcity_incremental - sent_to_dest_sftp_drop (0.000000,0.200000,76867)
2014-08-15 22:09:37,913 - root [INFO] success: backup_appdb - sent_to_dest_local (0.000000,0.010000,4791926)
2014-08-15 22:09:41,408 - root [INFO] success: backup_appdb - sent_to_dest_sftp_drop (0.000000,0.470000,4791926)
2014-08-15 22:09:41,990 - root [INFO] success: backup_teamcity_db - sent_to_dest_local (0.010000,0.000000,354111)
2014-08-15 22:09:44,563 - root [INFO] success: backup_teamcity_db - sent_to_dest_sftp_drop (0.010000,0.220000,354111)
2014-08-15 22:10:25,894 - root [INFO] success: backup_teamcity_incremental - sent_to_dest_local (0.000000,1.400000,376526559)
2014-08-15 22:11:54,816 - root [INFO] success: backup_teamcity_incremental - sent_to_dest_sftp_drop (0.000000,21.660000,376526559)
2014-08-23 17:33:36,303 [INFO] success: backup_appdb - sent_to_dest_local (0.000000[A,0.020000,5105)
2014-08-23 17:33:39,443 [INFO] success: backup_appdb - sent_to_dest_sftp_drop (0.000000[A,0.490000,5105)
2014-08-23 17:33:39,986 [INFO] success: backup_teamcity_db - sent_to_dest_local (0.010000[A,0.000000,358)
2014-08-23 17:33:42,105 [INFO] success: backup_teamcity_db - sent_to_dest_sftp_drop (0.010000[A,0.210000,358)
2014-08-23 17:34:36,617 [INFO] success: backup_teamcity_incremental - sent_to_dest_local (0.010000[A,1.870000,495753)
2014-08-23 17:36:31,514 [INFO] success: backup_teamcity_incremental - sent_to_dest_sftp_drop (0.010000[A,28.680000,495753)
2014-08-23 17:58:34,008 [INFO] success: backup_appdb - sent_to_dest_local (0.000000[A,0.010000,5107)
2014-08-23 17:58:37,420 [INFO] success: backup_appdb - sent_to_dest_sftp_drop (0.000000[A,0.490000,5107)
2014-08-23 17:58:38,131 [INFO] success: backup_teamcity_db - sent_to_dest_local (0.000000[A,0.010000,358)
2014-08-23 17:58:40,037 [INFO] success: backup_teamcity_db - sent_to_dest_sftp_drop (0.000000[A,0.220000,358)
2014-08-23 17:58:40,924 [INFO] success: backup_teamcity_incremental - sent_to_dest_local (0.000000[A,0.000000,79)
2014-08-23 17:58:43,001 [INFO] success: backup_teamcity_incremental - sent_to_dest_sftp_drop (0.000000[A,0.220000,79)
2014-08-23 17:59:33,644 [INFO] success: backup_appdb - sent_to_dest_local (0.000000,0.010000,5107)
2014-08-23 17:59:37,034 [INFO] success: backup_appdb - sent_to_dest_sftp_drop (0.000000,0.480000,5107)
2014-08-23 17:59:37,565 [INFO] success: backup_teamcity_db - sent_to_dest_local (0.000000,0.010000,358)
2014-08-23 17:59:39,816 [INFO] success: backup_teamcity_db - sent_to_dest_sftp_drop (0.000000,0.220000,358)
2014-08-23 17:59:40,646 [INFO] success: backup_teamcity_incremental - sent_to_dest_local (0.000000,0.000000,79)
2014-08-23 17:59:42,659 [INFO] success: backup_teamcity_incremental - sent_to_dest_sftp_drop (0.000000,0.210000,79)
