2014-08-12 20:36:19,416,backup.success,INFO,success,sent to dest_local,backup_appdb,0.000000,0.020000,4551873,4551873
2014-08-12 20:36:22,732,backup.success,INFO,success,sent to dest_sftp_drop,backup_appdb,0.000000,0.500000,4551873,4551873
2014-08-12 20:36:50,773,backup.success,INFO,success,sent to dest_local,backup_appdb,0.010000,0.010000,4551873,4551873
2014-08-12 20:36:54,158,backup.success,INFO,success,sent to dest_sftp_drop,backup_appdb,0.010000,0.480000,4551873,4551873
2014-08-12 20:43:27,502 - success [INFO] success,sent to dest_local,backup_appdb,0.000000,0.020000,4552212,4552212
2014-08-12 20:43:30,740 - success [INFO] success,sent to dest_sftp_drop,backup_appdb,0.000000,0.470000,4552212,4552212
2014-08-12 20:45:23,770 - success [INFO] success,sent to dest_local,backup_appdb,0.000000,0.010000,4552306,4552306
2014-08-12 20:45:26,569 - success [INFO] success,sent to dest_sftp_drop,backup_appdb,0.000000,0.470000,4552306,4552306
2014-08-12 20:45:28,028 - success [INFO] success,sent to dest_local,backup_teamcitydb,0.000000,0.020000,4552294,4552294
2014-08-12 20:45:31,416 - success [INFO] success,sent to dest_sftp_drop,backup_teamcitydb,0.000000,0.470000,4552294,4552294
2014-08-12 20:47:03,910 - success [INFO] success,sent to dest_local,backup_appdb,0.000000,0.020000,4552294,4552294
2014-08-12 20:47:06,682 - success [INFO] success,sent to dest_sftp_drop,backup_appdb,0.000000,0.470000,4552294,4552294
2014-08-12 20:47:07,981 - success [INFO] success,sent to dest_local,backup_teamcitydb,0.000000,0.010000,4552306,4552306
2014-08-12 20:47:11,413 - success [INFO] success,sent to dest_sftp_drop,backup_teamcitydb,0.000000,0.470000,4552306,4552306
2014-08-12 20:50:08,497 - success [INFO] success,sent to dest_local,backup_appdb,0.000000,0.010000,4552294,4552294
2014-08-12 20:50:11,204 - success [INFO] success,sent to dest_sftp_drop,backup_appdb,0.000000,0.470000,4552294,4552294
2014-08-12 20:50:11,352 - success [INFO] success,sent to dest_local,backup_teamcitydb,0.010000,0.000000,20,20
2014-08-12 20:50:13,247 - success [INFO] success,sent to dest_sftp_drop,backup_teamcitydb,0.010000,0.200000,20,20
2014-08-12 21:07:33,013 - success [INFO] success,sent to dest_local,backup_appdb,0.000000,0.010000,4552290,4552290
2014-08-12 21:07:36,401 - success [INFO] success,sent to dest_sftp_drop,backup_appdb,0.000000,0.470000,4552290,4552290
2014-08-12 21:07:36,952 - success [INFO] success,sent to dest_local,backup_teamcitydb,0.000000,0.010000,348084,348084
2014-08-12 21:07:39,348 - success [INFO] success,sent to dest_sftp_drop,backup_teamcitydb,0.000000,0.220000,348084,348084
2014-08-12 23:28:20,405 - success [INFO] success,sent to dest_local,backup_appdb,0.000000,0.010000,4597127,4597127
2014-08-12 23:28:23,912 - success [INFO] success,sent to dest_sftp_drop,backup_appdb,0.000000,0.460000,4597127,4597127
2014-08-12 23:28:24,484 - success [INFO] success,sent to dest_local,backup_teamcity_db,0.000000,0.000000,331576,331576
2014-08-12 23:28:26,656 - success [INFO] success,sent to dest_sftp_drop,backup_teamcity_db,0.000000,0.220000,331576,331576
2014-08-12 23:31:35,513 - success [INFO] success,sent to dest_local,backup_teamcity_incremental,0.000000,6.620000,1738120709,1738120709
2014-08-12 23:38:04,263 - success [INFO] success,sent to dest_sftp_drop,backup_teamcity_incremental,0.000000,97.500000,1738120709,1738120709
2014-08-12 23:48:59,532 - success [INFO] success: backup_appdb - sent_to_dest_local (0.000000,0.010000,4610447)
2014-08-12 23:49:02,634 - success [INFO] success: backup_appdb - sent_to_dest_sftp_drop (0.000000,0.470000,4610447)
2014-08-12 23:49:03,337 - success [INFO] success: backup_teamcity_db - sent_to_dest_local (0.000000,0.000000,335029)
2014-08-12 23:49:05,462 - success [INFO] success: backup_teamcity_db - sent_to_dest_sftp_drop (0.000000,0.230000,335029)
2014-08-12 23:49:08,702 - success [INFO] success: backup_teamcity_incremental - sent_to_dest_local (0.000000,0.060000,27987361)
2014-08-12 23:49:17,263 - success [INFO] success: backup_teamcity_incremental - sent_to_dest_sftp_drop (0.000000,1.810000,27987361)
2014-08-12 23:51:05,953 - success [INFO] success: backup_appdb - sent_to_dest_local (0.000000,0.010000,4610493)
2014-08-12 23:51:09,469 - success [INFO] success: backup_appdb - sent_to_dest_sftp_drop (0.000000,0.460000,4610493)
2014-08-12 23:51:10,108 - success [INFO] success: backup_teamcity_db - sent_to_dest_local (0.010000,0.000000,335031)
2014-08-12 23:51:12,066 - success [INFO] success: backup_teamcity_db - sent_to_dest_sftp_drop (0.010000,0.220000,335031)
2014-08-12 23:51:12,869 - success [INFO] success: backup_teamcity_incremental - sent_to_dest_local (0.000000,0.000000,76867)
2014-08-12 23:51:14,732 - success [INFO] success: backup_teamcity_incremental - sent_to_dest_sftp_drop (0.000000,0.200000,76867)
2014-08-15 22:09:37,914 - success [INFO] success: backup_appdb - sent_to_dest_local (0.000000,0.010000,4791926)
2014-08-15 22:09:41,409 - success [INFO] success: backup_appdb - sent_to_dest_sftp_drop (0.000000,0.470000,4791926)
2014-08-15 22:09:42,014 - success [INFO] success: backup_teamcity_db - sent_to_dest_local (0.010000,0.000000,354111)
2014-08-15 22:09:44,563 - success [INFO] success: backup_teamcity_db - sent_to_dest_sftp_drop (0.010000,0.220000,354111)
2014-08-15 22:10:25,894 - success [INFO] success: backup_teamcity_incremental - sent_to_dest_local (0.000000,1.400000,376526559)
2014-08-15 22:11:54,817 - success [INFO] success: backup_teamcity_incremental - sent_to_dest_sftp_drop (0.000000,21.660000,376526559)
2014-08-23 17:33:36,328 [INFO] success: backup_appdb - sent_to_dest_local (0.000000[A,0.020000,5105)
2014-08-23 17:33:39,444 [INFO] success: backup_appdb - sent_to_dest_sftp_drop (0.000000[A,0.490000,5105)
2014-08-23 17:33:40,248 [INFO] success: backup_teamcity_db - sent_to_dest_local (0.010000[A,0.000000,358)
2014-08-23 17:33:42,106 [INFO] success: backup_teamcity_db - sent_to_dest_sftp_drop (0.010000[A,0.210000,358)
2014-08-23 17:34:36,617 [INFO] success: backup_teamcity_incremental - sent_to_dest_local (0.010000[A,1.870000,495753)
2014-08-23 17:36:31,515 [INFO] success: backup_teamcity_incremental - sent_to_dest_sftp_drop (0.010000[A,28.680000,495753)
2014-08-23 17:58:34,008 [INFO] success: backup_appdb - sent_to_dest_local (0.000000[A,0.010000,5107)
2014-08-23 17:58:37,571 [INFO] success: backup_appdb - sent_to_dest_sftp_drop (0.000000[A,0.490000,5107)
2014-08-23 17:58:38,132 [INFO] success: backup_teamcity_db - sent_to_dest_local (0.000000[A,0.010000,358)
2014-08-23 17:58:40,038 [INFO] success: backup_teamcity_db - sent_to_dest_sftp_drop (0.000000[A,0.220000,358)
2014-08-23 17:58:40,924 [INFO] success: backup_teamcity_incremental - sent_to_dest_local (0.000000[A,0.000000,79)
2014-08-23 17:58:43,038 [INFO] success: backup_teamcity_incremental - sent_to_dest_sftp_drop (0.000000[A,0.220000,79)
2014-08-23 17:59:33,644 [INFO] success: backup_appdb - sent_to_dest_local (0.000000,0.010000,5107)
2014-08-23 17:59:37,034 [INFO] success: backup_appdb - sent_to_dest_sftp_drop (0.000000,0.480000,5107)
2014-08-23 17:59:37,584 [INFO] success: backup_teamcity_db - sent_to_dest_local (0.000000,0.010000,358)
2014-08-23 17:59:39,817 [INFO] success: backup_teamcity_db - sent_to_dest_sftp_drop (0.000000,0.220000,358)
2014-08-23 17:59:40,646 [INFO] success: backup_teamcity_incremental - sent_to_dest_local (0.000000,0.000000,79)
2014-08-23 17:59:42,677 [INFO] success: backup_teamcity_incremental - sent_to_dest_sftp_drop (0.000000,0.210000,79)
